TN:
SF:C:\Users\jpatel\source\repos\PhoneValidatorAPI\PhoneWeb\src\polyfills.ts
FNF:0
FNH:0
LF:0
LH:0
BRF:0
BRH:0
end_of_record
TN:
SF:C:\Users\jpatel\source\repos\PhoneValidatorAPI\PhoneWeb\src\test.ts
FNF:0
FNH:0
DA:13,1
DA:18,1
DA:20,1
LF:3
LH:3
BRF:0
BRH:0
end_of_record
TN:
SF:C:\Users\jpatel\source\repos\PhoneValidatorAPI\PhoneWeb\src\app\app.component.ts
FN:8,(anonymous_1)
FN:3,AppComponent
FNF:2
FNH:1
FNDA:1,(anonymous_1)
FNDA:0,AppComponent
DA:8,1
DA:9,0
DA:10,1
LF:3
LH:2
BRF:0
BRH:0
end_of_record
TN:
SF:C:\Users\jpatel\source\repos\PhoneValidatorAPI\PhoneWeb\src\app\phone\phone.component.ts
FN:12,(anonymous_2)
FN:22,PhoneComponent
FN:24,(anonymous_4)
FN:32,(anonymous_5)
FN:33,(anonymous_6)
FN:36,(anonymous_7)
FN:45,(anonymous_8)
FN:52,(anonymous_9)
FN:53,(anonymous_10)
FNF:9
FNH:1
FNDA:1,(anonymous_2)
FNDA:0,PhoneComponent
FNDA:0,(anonymous_4)
FNDA:0,(anonymous_5)
FNDA:0,(anonymous_6)
FNDA:0,(anonymous_7)
FNDA:0,(anonymous_8)
FNDA:0,(anonymous_9)
FNDA:0,(anonymous_10)
DA:12,1
DA:15,0
DA:17,0
DA:18,0
DA:21,0
DA:22,0
DA:24,1
DA:25,0
DA:26,0
DA:32,1
DA:33,1
DA:34,0
DA:36,1
DA:37,0
DA:40,0
DA:41,0
DA:43,0
DA:45,0
DA:46,0
DA:47,0
DA:52,1
DA:53,0
DA:54,0
DA:55,0
DA:56,0
DA:60,1
LF:26
LH:7
BRDA:40,0,0,0
BRDA:40,0,1,0
BRF:2
BRH:0
end_of_record
TN:
SF:C:\Users\jpatel\source\repos\PhoneValidatorAPI\PhoneWeb\src\app\shared\phone-service.service.ts
FN:10,(anonymous_2)
FN:12,PhoneServiceService
FN:14,(anonymous_4)
FNF:3
FNH:1
FNDA:1,(anonymous_2)
FNDA:0,PhoneServiceService
FNDA:0,(anonymous_4)
DA:10,1
DA:11,0
DA:12,0
DA:14,1
DA:16,0
DA:19,1
LF:6
LH:3
BRF:0
BRH:0
end_of_record
